<?xml version="1.0" encoding="windows-1252" standalone="no"?>
<!DOCTYPE log SYSTEM "logger.dtd">
<log>
<record>
  <date>2013-12-10T15:57:12</date>
  <millis>1386687432330</millis>
  <sequence>0</sequence>
  <level>INFO</level>
  <class>ms.irc.bot.filesystem.IRCLogger</class>
  <method>run</method>
  <thread>1</thread>
  <message>Started Client.</message>
</record>
<record>
  <date>2013-12-10T15:57:12</date>
  <millis>1386687432344</millis>
  <sequence>1</sequence>
  <level>INFO</level>
  <class>ms.irc.bot.filesystem.IRCLogger</class>
  <method>run</method>
  <thread>1</thread>
  <message>Created new IRCLogger.</message>
</record>
<record>
  <date>2013-12-10T15:57:12</date>
  <millis>1386687432344</millis>
  <sequence>2</sequence>
  <level>INFO</level>
  <class>ms.irc.bot.filesystem.IRCLogger</class>
  <method>run</method>
  <thread>1</thread>
  <message>System: {java.runtime.name=Java(TM) SE Runtime Environment, sun.boot.library.path=C:\Program Files\Java\jre7\bin, java.vm.version=24.45-b08, java.vm.vendor=Oracle Corporation, java.vendor.url=http://java.oracle.com/, path.separator=;, java.vm.name=Java HotSpot(TM) 64-Bit Server VM, file.encoding.pkg=sun.io, user.country=DE, user.script=, sun.java.launcher=SUN_STANDARD, sun.os.patch.level=Service Pack 1, java.vm.specification.name=Java Virtual Machine Specification, user.dir=C:\Users\Uranus\workspace\IRCBot, java.runtime.version=1.7.0_45-b18, java.awt.graphicsenv=sun.awt.Win32GraphicsEnvironment, java.endorsed.dirs=C:\Program Files\Java\jre7\lib\endorsed, os.arch=amd64, java.io.tmpdir=C:\Users\Uranus\AppData\Local\Temp\, line.separator=
, java.vm.specification.vendor=Oracle Corporation, user.variant=, os.name=Windows 7, sun.jnu.encoding=Cp1252, java.library.path=C:\Program Files\Java\jre7\bin;C:\Windows\Sun\Java\bin;C:\Windows\system32;C:\Windows;C:\Windows\system32;C:\Windows;C:\Windows\System32\Wbem;C:\Windows\System32\WindowsPowerShell\v1.0\;., java.specification.name=Java Platform API Specification, java.class.version=51.0, sun.management.compiler=HotSpot 64-Bit Tiered Compilers, os.version=6.1, user.home=C:\Users\Uranus, user.timezone=, java.awt.printerjob=sun.awt.windows.WPrinterJob, file.encoding=Cp1252, java.specification.version=1.7, java.class.path=C:\Users\Uranus\workspace\IRCBot\bin;C:\Users\Uranus\workspace\javax.mail.jar, user.name=Uranus, java.vm.specification.version=1.7, sun.java.command=ms.irc.bot.test.Test, java.home=C:\Program Files\Java\jre7, sun.arch.data.model=64, user.language=de, java.specification.vendor=Oracle Corporation, awt.toolkit=sun.awt.windows.WToolkit, java.vm.info=mixed mode, java.version=1.7.0_45, java.ext.dirs=C:\Program Files\Java\jre7\lib\ext;C:\Windows\Sun\Java\lib\ext, sun.boot.class.path=C:\Program Files\Java\jre7\lib\resources.jar;C:\Program Files\Java\jre7\lib\rt.jar;C:\Program Files\Java\jre7\lib\sunrsasign.jar;C:\Program Files\Java\jre7\lib\jsse.jar;C:\Program Files\Java\jre7\lib\jce.jar;C:\Program Files\Java\jre7\lib\charsets.jar;C:\Program Files\Java\jre7\lib\jfr.jar;C:\Program Files\Java\jre7\classes, java.vendor=Oracle Corporation, file.separator=\, java.vendor.url.bug=http://bugreport.sun.com/bugreport/, sun.io.unicode.encoding=UnicodeLittle, sun.cpu.endian=little, sun.desktop=windows, sun.cpu.isalist=amd64}</message>
</record>
<record>
  <date>2013-12-10T15:57:12</date>
  <millis>1386687432345</millis>
  <sequence>3</sequence>
  <level>INFO</level>
  <class>ms.irc.bot.filesystem.IRCLogger</class>
  <method>run</method>
  <thread>1</thread>
  <message>Startet ircLoggerThread.</message>
</record>
<record>
  <date>2013-12-10T15:57:12</date>
  <millis>1386687432524</millis>
  <sequence>4</sequence>
  <level>INFO</level>
  <class>ms.irc.bot.filesystem.IRCLogger</class>
  <method>run</method>
  <thread>1</thread>
  <message>Startet ircWriterThread.</message>
</record>
<record>
  <date>2013-12-10T15:57:12</date>
  <millis>1386687432527</millis>
  <sequence>5</sequence>
  <level>INFO</level>
  <class>ms.irc.bot.filesystem.IRCLogger</class>
  <method>run</method>
  <thread>1</thread>
  <message>Startet ircReaderThread.</message>
</record>
<record>
  <date>2013-12-10T15:57:12</date>
  <millis>1386687432534</millis>
  <sequence>6</sequence>
  <level>INFO</level>
  <class>ms.irc.bot.filesystem.IRCLogger</class>
  <method>run</method>
  <thread>1</thread>
  <message>Startet ircCommandThread.</message>
</record>
<record>
  <date>2013-12-10T15:57:12</date>
  <millis>1386687432542</millis>
  <sequence>7</sequence>
  <level>INFO</level>
  <class>ms.irc.bot.filesystem.IRCLogger</class>
  <method>run</method>
  <thread>1</thread>
  <message>Startet userCommandThread.</message>
</record>
<record>
  <date>2013-12-10T15:57:12</date>
  <millis>1386687432543</millis>
  <sequence>8</sequence>
  <level>INFO</level>
  <class>ms.irc.bot.filesystem.IRCLogger</class>
  <method>run</method>
  <thread>1</thread>
  <message>Registered Nick and User.</message>
</record>
<?xml version="1.0" encoding="windows-1252" standalone="no"?>
<!DOCTYPE log SYSTEM "logger.dtd">
<log>
<record>
  <date>2013-12-10T16:00:01</date>
  <millis>1386687601438</millis>
  <sequence>0</sequence>
  <level>INFO</level>
  <class>ms.irc.bot.filesystem.IRCLogger</class>
  <method>run</method>
  <thread>1</thread>
  <message>Started Client.</message>
</record>
<record>
  <date>2013-12-10T16:00:01</date>
  <millis>1386687601458</millis>
  <sequence>1</sequence>
  <level>INFO</level>
  <class>ms.irc.bot.filesystem.IRCLogger</class>
  <method>run</method>
  <thread>1</thread>
  <message>Created new IRCLogger.</message>
</record>
<record>
  <date>2013-12-10T16:00:01</date>
  <millis>1386687601459</millis>
  <sequence>2</sequence>
  <level>INFO</level>
  <class>ms.irc.bot.filesystem.IRCLogger</class>
  <method>run</method>
  <thread>1</thread>
  <message>System: {java.runtime.name=Java(TM) SE Runtime Environment, sun.boot.library.path=C:\Program Files\Java\jre7\bin, java.vm.version=24.45-b08, java.vm.vendor=Oracle Corporation, java.vendor.url=http://java.oracle.com/, path.separator=;, java.vm.name=Java HotSpot(TM) 64-Bit Server VM, file.encoding.pkg=sun.io, user.country=DE, user.script=, sun.java.launcher=SUN_STANDARD, sun.os.patch.level=Service Pack 1, java.vm.specification.name=Java Virtual Machine Specification, user.dir=C:\Users\Uranus\workspace\IRCBot, java.runtime.version=1.7.0_45-b18, java.awt.graphicsenv=sun.awt.Win32GraphicsEnvironment, java.endorsed.dirs=C:\Program Files\Java\jre7\lib\endorsed, os.arch=amd64, java.io.tmpdir=C:\Users\Uranus\AppData\Local\Temp\, line.separator=
, java.vm.specification.vendor=Oracle Corporation, user.variant=, os.name=Windows 7, sun.jnu.encoding=Cp1252, java.library.path=C:\Program Files\Java\jre7\bin;C:\Windows\Sun\Java\bin;C:\Windows\system32;C:\Windows;C:\Windows\system32;C:\Windows;C:\Windows\System32\Wbem;C:\Windows\System32\WindowsPowerShell\v1.0\;., java.specification.name=Java Platform API Specification, java.class.version=51.0, sun.management.compiler=HotSpot 64-Bit Tiered Compilers, os.version=6.1, user.home=C:\Users\Uranus, user.timezone=, java.awt.printerjob=sun.awt.windows.WPrinterJob, file.encoding=Cp1252, java.specification.version=1.7, java.class.path=C:\Users\Uranus\workspace\IRCBot\bin;C:\Users\Uranus\workspace\javax.mail.jar, user.name=Uranus, java.vm.specification.version=1.7, sun.java.command=ms.irc.bot.test.Test, java.home=C:\Program Files\Java\jre7, sun.arch.data.model=64, user.language=de, java.specification.vendor=Oracle Corporation, awt.toolkit=sun.awt.windows.WToolkit, java.vm.info=mixed mode, java.version=1.7.0_45, java.ext.dirs=C:\Program Files\Java\jre7\lib\ext;C:\Windows\Sun\Java\lib\ext, sun.boot.class.path=C:\Program Files\Java\jre7\lib\resources.jar;C:\Program Files\Java\jre7\lib\rt.jar;C:\Program Files\Java\jre7\lib\sunrsasign.jar;C:\Program Files\Java\jre7\lib\jsse.jar;C:\Program Files\Java\jre7\lib\jce.jar;C:\Program Files\Java\jre7\lib\charsets.jar;C:\Program Files\Java\jre7\lib\jfr.jar;C:\Program Files\Java\jre7\classes, java.vendor=Oracle Corporation, file.separator=\, java.vendor.url.bug=http://bugreport.sun.com/bugreport/, sun.io.unicode.encoding=UnicodeLittle, sun.cpu.endian=little, sun.desktop=windows, sun.cpu.isalist=amd64}</message>
</record>
<record>
  <date>2013-12-10T16:00:01</date>
  <millis>1386687601459</millis>
  <sequence>3</sequence>
  <level>INFO</level>
  <class>ms.irc.bot.filesystem.IRCLogger</class>
  <method>run</method>
  <thread>1</thread>
  <message>Startet ircLoggerThread.</message>
</record>
<record>
  <date>2013-12-10T16:00:01</date>
  <millis>1386687601542</millis>
  <sequence>4</sequence>
  <level>INFO</level>
  <class>ms.irc.bot.filesystem.IRCLogger</class>
  <method>run</method>
  <thread>1</thread>
  <message>Startet ircWriterThread.</message>
</record>
<record>
  <date>2013-12-10T16:00:01</date>
  <millis>1386687601543</millis>
  <sequence>5</sequence>
  <level>INFO</level>
  <class>ms.irc.bot.filesystem.IRCLogger</class>
  <method>run</method>
  <thread>1</thread>
  <message>Startet ircReaderThread.</message>
</record>
<record>
  <date>2013-12-10T16:00:01</date>
  <millis>1386687601550</millis>
  <sequence>6</sequence>
  <level>INFO</level>
  <class>ms.irc.bot.filesystem.IRCLogger</class>
  <method>run</method>
  <thread>1</thread>
  <message>Startet ircCommandThread.</message>
</record>
<record>
  <date>2013-12-10T16:00:01</date>
  <millis>1386687601563</millis>
  <sequence>7</sequence>
  <level>INFO</level>
  <class>ms.irc.bot.filesystem.IRCLogger</class>
  <method>run</method>
  <thread>1</thread>
  <message>Startet userCommandThread.</message>
</record>
<record>
  <date>2013-12-10T16:00:01</date>
  <millis>1386687601564</millis>
  <sequence>8</sequence>
  <level>INFO</level>
  <class>ms.irc.bot.filesystem.IRCLogger</class>
  <method>run</method>
  <thread>1</thread>
  <message>Registered Nick and User.</message>
</record>
<record>
  <date>2013-12-10T16:26:17</date>
  <millis>1386689177871</millis>
  <sequence>9</sequence>
  <level>INFO</level>
  <class>ms.irc.bot.filesystem.IRCLogger</class>
  <method>run</method>
  <thread>14</thread>
  <message>Config Update: Config read from file.</message>
</record>
<?xml version="1.0" encoding="windows-1252" standalone="no"?>
<!DOCTYPE log SYSTEM "logger.dtd">
<log>
<record>
  <date>2013-12-10T16:31:14</date>
  <millis>1386689474280</millis>
  <sequence>0</sequence>
  <level>INFO</level>
  <class>ms.irc.bot.filesystem.IRCLogger</class>
  <method>run</method>
  <thread>1</thread>
  <message>Started Client.</message>
</record>
<record>
  <date>2013-12-10T16:31:14</date>
  <millis>1386689474326</millis>
  <sequence>1</sequence>
  <level>INFO</level>
  <class>ms.irc.bot.filesystem.IRCLogger</class>
  <method>run</method>
  <thread>1</thread>
  <message>Created new IRCLogger.</message>
</record>
<record>
  <date>2013-12-10T16:31:14</date>
  <millis>1386689474327</millis>
  <sequence>2</sequence>
  <level>INFO</level>
  <class>ms.irc.bot.filesystem.IRCLogger</class>
  <method>run</method>
  <thread>1</thread>
  <message>System: {java.runtime.name=Java(TM) SE Runtime Environment, sun.boot.library.path=C:\Program Files\Java\jre7\bin, java.vm.version=24.45-b08, java.vm.vendor=Oracle Corporation, java.vendor.url=http://java.oracle.com/, path.separator=;, java.vm.name=Java HotSpot(TM) 64-Bit Server VM, file.encoding.pkg=sun.io, user.country=DE, user.script=, sun.java.launcher=SUN_STANDARD, sun.os.patch.level=Service Pack 1, java.vm.specification.name=Java Virtual Machine Specification, user.dir=C:\Users\Uranus\workspace\IRCBot, java.runtime.version=1.7.0_45-b18, java.awt.graphicsenv=sun.awt.Win32GraphicsEnvironment, java.endorsed.dirs=C:\Program Files\Java\jre7\lib\endorsed, os.arch=amd64, java.io.tmpdir=C:\Users\Uranus\AppData\Local\Temp\, line.separator=
, java.vm.specification.vendor=Oracle Corporation, user.variant=, os.name=Windows 7, sun.jnu.encoding=Cp1252, java.library.path=C:\Program Files\Java\jre7\bin;C:\Windows\Sun\Java\bin;C:\Windows\system32;C:\Windows;C:\Windows\system32;C:\Windows;C:\Windows\System32\Wbem;C:\Windows\System32\WindowsPowerShell\v1.0\;., java.specification.name=Java Platform API Specification, java.class.version=51.0, sun.management.compiler=HotSpot 64-Bit Tiered Compilers, os.version=6.1, user.home=C:\Users\Uranus, user.timezone=, java.awt.printerjob=sun.awt.windows.WPrinterJob, file.encoding=Cp1252, java.specification.version=1.7, java.class.path=C:\Users\Uranus\workspace\IRCBot\bin;C:\Users\Uranus\workspace\javax.mail.jar, user.name=Uranus, java.vm.specification.version=1.7, sun.java.command=ms.irc.bot.test.Test, java.home=C:\Program Files\Java\jre7, sun.arch.data.model=64, user.language=de, java.specification.vendor=Oracle Corporation, awt.toolkit=sun.awt.windows.WToolkit, java.vm.info=mixed mode, java.version=1.7.0_45, java.ext.dirs=C:\Program Files\Java\jre7\lib\ext;C:\Windows\Sun\Java\lib\ext, sun.boot.class.path=C:\Program Files\Java\jre7\lib\resources.jar;C:\Program Files\Java\jre7\lib\rt.jar;C:\Program Files\Java\jre7\lib\sunrsasign.jar;C:\Program Files\Java\jre7\lib\jsse.jar;C:\Program Files\Java\jre7\lib\jce.jar;C:\Program Files\Java\jre7\lib\charsets.jar;C:\Program Files\Java\jre7\lib\jfr.jar;C:\Program Files\Java\jre7\classes, java.vendor=Oracle Corporation, file.separator=\, java.vendor.url.bug=http://bugreport.sun.com/bugreport/, sun.io.unicode.encoding=UnicodeLittle, sun.cpu.endian=little, sun.desktop=windows, sun.cpu.isalist=amd64}</message>
</record>
<record>
  <date>2013-12-10T16:31:14</date>
  <millis>1386689474328</millis>
  <sequence>3</sequence>
  <level>INFO</level>
  <class>ms.irc.bot.filesystem.IRCLogger</class>
  <method>run</method>
  <thread>1</thread>
  <message>Startet ircLoggerThread.</message>
</record>
<record>
  <date>2013-12-10T16:31:14</date>
  <millis>1386689474328</millis>
  <sequence>4</sequence>
  <level>INFO</level>
  <class>ms.irc.bot.filesystem.IRCLogger</class>
  <method>run</method>
  <thread>1</thread>
  <message>Trying to log on. Server: portlane.se.quakenet.org Port: 6667 Nick: AlphatestIRC0</message>
</record>
<record>
  <date>2013-12-10T16:31:16</date>
  <millis>1386689476520</millis>
  <sequence>5</sequence>
  <level>INFO</level>
  <class>ms.irc.bot.filesystem.IRCLogger</class>
  <method>run</method>
  <thread>1</thread>
  <message>Startet ircWriterThread.</message>
</record>
<record>
  <date>2013-12-10T16:31:16</date>
  <millis>1386689476531</millis>
  <sequence>6</sequence>
  <level>INFO</level>
  <class>ms.irc.bot.filesystem.IRCLogger</class>
  <method>run</method>
  <thread>1</thread>
  <message>Startet ircReaderThread.</message>
</record>
<record>
  <date>2013-12-10T16:31:17</date>
  <millis>1386689477060</millis>
  <sequence>7</sequence>
  <level>INFO</level>
  <class>ms.irc.bot.filesystem.IRCLogger</class>
  <method>run</method>
  <thread>1</thread>
  <message>Startet ircCommandThread.</message>
</record>
<record>
  <date>2013-12-10T16:31:17</date>
  <millis>1386689477543</millis>
  <sequence>8</sequence>
  <level>INFO</level>
  <class>ms.irc.bot.filesystem.IRCLogger</class>
  <method>run</method>
  <thread>1</thread>
  <message>Startet userCommandThread.</message>
</record>
<record>
  <date>2013-12-10T16:31:17</date>
  <millis>1386689477543</millis>
  <sequence>9</sequence>
  <level>INFO</level>
  <class>ms.irc.bot.filesystem.IRCLogger</class>
  <method>run</method>
  <thread>1</thread>
  <message>Registered Nick and User.</message>
</record>
<record>
  <date>2013-12-10T16:31:47</date>
  <millis>1386689507822</millis>
  <sequence>10</sequence>
  <level>INFO</level>
  <class>ms.irc.bot.filesystem.IRCLogger</class>
  <method>run</method>
  <thread>14</thread>
  <message>Config Update: Config read from file.</message>
</record>
<record>
  <date>2013-12-10T16:32:01</date>
  <millis>1386689521338</millis>
  <sequence>25</sequence>
  <level>INFO</level>
  <class>ms.irc.bot.filesystem.IRCLogger</class>
  <method>run</method>
  <thread>14</thread>
  <message>Client Closeing.</message>
</record>
<record>
  <date>2013-12-10T16:32:01</date>
  <millis>1386689521338</millis>
  <sequence>26</sequence>
  <level>INFO</level>
  <class>ms.irc.bot.filesystem.IRCLogger</class>
  <method>run</method>
  <thread>14</thread>
  <message>Disconnecting.</message>
</record>
</log>
<?xml version="1.0" encoding="windows-1252" standalone="no"?>
<!DOCTYPE log SYSTEM "logger.dtd">
<log>
<record>
  <date>2013-12-10T16:32:52</date>
  <millis>1386689572647</millis>
  <sequence>0</sequence>
  <level>INFO</level>
  <class>ms.irc.bot.filesystem.IRCLogger</class>
  <method>run</method>
  <thread>1</thread>
  <message>Started Client.</message>
</record>
<record>
  <date>2013-12-10T16:32:52</date>
  <millis>1386689572660</millis>
  <sequence>1</sequence>
  <level>INFO</level>
  <class>ms.irc.bot.filesystem.IRCLogger</class>
  <method>run</method>
  <thread>1</thread>
  <message>Created new IRCLogger.</message>
</record>
<record>
  <date>2013-12-10T16:32:52</date>
  <millis>1386689572661</millis>
  <sequence>2</sequence>
  <level>INFO</level>
  <class>ms.irc.bot.filesystem.IRCLogger</class>
  <method>run</method>
  <thread>1</thread>
  <message>System: {java.runtime.name=Java(TM) SE Runtime Environment, sun.boot.library.path=C:\Program Files\Java\jre7\bin, java.vm.version=24.45-b08, java.vm.vendor=Oracle Corporation, java.vendor.url=http://java.oracle.com/, path.separator=;, java.vm.name=Java HotSpot(TM) 64-Bit Server VM, file.encoding.pkg=sun.io, user.country=DE, user.script=, sun.java.launcher=SUN_STANDARD, sun.os.patch.level=Service Pack 1, java.vm.specification.name=Java Virtual Machine Specification, user.dir=C:\Users\Uranus\workspace\IRCBot, java.runtime.version=1.7.0_45-b18, java.awt.graphicsenv=sun.awt.Win32GraphicsEnvironment, java.endorsed.dirs=C:\Program Files\Java\jre7\lib\endorsed, os.arch=amd64, java.io.tmpdir=C:\Users\Uranus\AppData\Local\Temp\, line.separator=
, java.vm.specification.vendor=Oracle Corporation, user.variant=, os.name=Windows 7, sun.jnu.encoding=Cp1252, java.library.path=C:\Program Files\Java\jre7\bin;C:\Windows\Sun\Java\bin;C:\Windows\system32;C:\Windows;C:\Windows\system32;C:\Windows;C:\Windows\System32\Wbem;C:\Windows\System32\WindowsPowerShell\v1.0\;., java.specification.name=Java Platform API Specification, java.class.version=51.0, sun.management.compiler=HotSpot 64-Bit Tiered Compilers, os.version=6.1, user.home=C:\Users\Uranus, user.timezone=, java.awt.printerjob=sun.awt.windows.WPrinterJob, file.encoding=Cp1252, java.specification.version=1.7, java.class.path=C:\Users\Uranus\workspace\IRCBot\bin;C:\Users\Uranus\workspace\javax.mail.jar, user.name=Uranus, java.vm.specification.version=1.7, sun.java.command=ms.irc.bot.test.Test, java.home=C:\Program Files\Java\jre7, sun.arch.data.model=64, user.language=de, java.specification.vendor=Oracle Corporation, awt.toolkit=sun.awt.windows.WToolkit, java.vm.info=mixed mode, java.version=1.7.0_45, java.ext.dirs=C:\Program Files\Java\jre7\lib\ext;C:\Windows\Sun\Java\lib\ext, sun.boot.class.path=C:\Program Files\Java\jre7\lib\resources.jar;C:\Program Files\Java\jre7\lib\rt.jar;C:\Program Files\Java\jre7\lib\sunrsasign.jar;C:\Program Files\Java\jre7\lib\jsse.jar;C:\Program Files\Java\jre7\lib\jce.jar;C:\Program Files\Java\jre7\lib\charsets.jar;C:\Program Files\Java\jre7\lib\jfr.jar;C:\Program Files\Java\jre7\classes, java.vendor=Oracle Corporation, file.separator=\, java.vendor.url.bug=http://bugreport.sun.com/bugreport/, sun.io.unicode.encoding=UnicodeLittle, sun.cpu.endian=little, sun.desktop=windows, sun.cpu.isalist=amd64}</message>
</record>
<record>
  <date>2013-12-10T16:32:52</date>
  <millis>1386689572661</millis>
  <sequence>3</sequence>
  <level>INFO</level>
  <class>ms.irc.bot.filesystem.IRCLogger</class>
  <method>run</method>
  <thread>1</thread>
  <message>Startet ircLoggerThread.</message>
</record>
<record>
  <date>2013-12-10T16:32:52</date>
  <millis>1386689572662</millis>
  <sequence>4</sequence>
  <level>INFO</level>
  <class>ms.irc.bot.filesystem.IRCLogger</class>
  <method>run</method>
  <thread>1</thread>
  <message>Trying to log on. Server: portlane.se.quakenet.org Port: 6667 Nick: AlphatestIRC0</message>
</record>
<record>
  <date>2013-12-10T16:32:52</date>
  <millis>1386689572754</millis>
  <sequence>5</sequence>
  <level>INFO</level>
  <class>ms.irc.bot.filesystem.IRCLogger</class>
  <method>run</method>
  <thread>1</thread>
  <message>Startet ircWriterThread.</message>
</record>
<record>
  <date>2013-12-10T16:32:52</date>
  <millis>1386689572755</millis>
  <sequence>6</sequence>
  <level>INFO</level>
  <class>ms.irc.bot.filesystem.IRCLogger</class>
  <method>run</method>
  <thread>1</thread>
  <message>Startet ircReaderThread.</message>
</record>
<record>
  <date>2013-12-10T16:32:52</date>
  <millis>1386689572762</millis>
  <sequence>7</sequence>
  <level>INFO</level>
  <class>ms.irc.bot.filesystem.IRCLogger</class>
  <method>run</method>
  <thread>1</thread>
  <message>Startet ircCommandThread.</message>
</record>
<record>
  <date>2013-12-10T16:32:52</date>
  <millis>1386689572772</millis>
  <sequence>8</sequence>
  <level>INFO</level>
  <class>ms.irc.bot.filesystem.IRCLogger</class>
  <method>run</method>
  <thread>1</thread>
  <message>Startet userCommandThread.</message>
</record>
<record>
  <date>2013-12-10T16:32:52</date>
  <millis>1386689572773</millis>
  <sequence>9</sequence>
  <level>INFO</level>
  <class>ms.irc.bot.filesystem.IRCLogger</class>
  <method>run</method>
  <thread>1</thread>
  <message>Registered Nick and User.</message>
</record>
<record>
  <date>2013-12-10T16:35:33</date>
  <millis>1386689733714</millis>
  <sequence>10</sequence>
  <level>INFO</level>
  <class>ms.irc.bot.filesystem.IRCLogger</class>
  <method>run</method>
  <thread>14</thread>
  <message>Config Update: Config read from file.</message>
</record>
<record>
  <date>2013-12-10T17:47:47</date>
  <millis>1386694067499</millis>
  <sequence>266</sequence>
  <level>INFO</level>
  <class>ms.irc.bot.filesystem.IRCLogger</class>
  <method>run</method>
  <thread>14</thread>
  <message>Client Closeing.</message>
</record>
<record>
  <date>2013-12-10T17:47:47</date>
  <millis>1386694067499</millis>
  <sequence>267</sequence>
  <level>INFO</level>
  <class>ms.irc.bot.filesystem.IRCLogger</class>
  <method>run</method>
  <thread>14</thread>
  <message>Disconnecting.</message>
</record>
</log>